This is pdfTeX, Version 3.141592653-2.6-1.40.24 (TeX Live 2022/Arch Linux) (preloaded format=pdflatex 2022.5.13)  18 JUL 2022 20:52
entering extended mode
 restricted \write18 enabled.
 file:line:error style messages enabled.
 %&-line parsing enabled.
**/home/kenneth_benicio/Projects/Github/Msc-Filtragem-Adaptativa/Listas/manuscript.tex
(/home/kenneth_benicio/Projects/Github/Msc-Filtragem-Adaptativa/Listas/manuscript.tex
LaTeX2e <2021-11-15> patch level 1
L3 programming layer <2022-04-10> (/usr/share/texmf-dist/tex/latex/base/article.cls
Document Class: article 2021/10/04 v1.4n Standard LaTeX document class
(/usr/share/texmf-dist/tex/latex/base/size10.clo
File: size10.clo 2021/10/04 v1.4n Standard LaTeX file (size option)
)
\c@part=\count185
\c@section=\count186
\c@subsection=\count187
\c@subsubsection=\count188
\c@paragraph=\count189
\c@subparagraph=\count190
\c@figure=\count191
\c@table=\count192
\abovecaptionskip=\skip47
\belowcaptionskip=\skip48
\bibindent=\dimen138
) (/usr/share/texmf-dist/tex/generic/babel/babel.sty
Package: babel 2022/02/26 3.73 The Babel package
\babel@savecnt=\count193
\U@D=\dimen139
\l@unhyphenated=\language87
 (/usr/share/texmf-dist/tex/generic/babel/txtbabel.def)
\bbl@readstream=\read2
\bbl@dirlevel=\count194
 (/usr/share/texmf-dist/tex/generic/babel-portuges/portuguese.ldf
Language: portuges 2021/07/09 v1.2t Portuguese support from the babel system
Package babel Info: Making " an active character on input line 143.
)) (/usr/share/texmf-dist/tex/latex/cite/cite.sty
LaTeX Info: Redefining \cite on input line 302.
LaTeX Info: Redefining \nocite on input line 332.
Package: cite 2015/02/27  v 5.5
) (/usr/share/texmf-dist/tex/latex/float/float.sty
Package: float 2001/11/08 v1.3d Float enhancements (AL)
\c@float@type=\count195
\float@exts=\toks16
\float@box=\box50
\@float@everytoks=\toks17
\@floatcapt=\box51
) (/usr/share/texmf-dist/tex/latex/xcolor/xcolor.sty
Package: xcolor 2021/10/31 v2.13 LaTeX color extensions (UK)
 (/usr/share/texmf-dist/tex/latex/graphics-cfg/color.cfg
File: color.cfg 2016/01/02 v1.6 sample color configuration
)
Package xcolor Info: Driver file: pdftex.def on input line 227.
 (/usr/share/texmf-dist/tex/latex/graphics-def/pdftex.def
File: pdftex.def 2020/10/05 v1.2a Graphics/color driver for pdftex
)
Package xcolor Info: Model `cmy' substituted by `cmy0' on input line 1352.
Package xcolor Info: Model `hsb' substituted by `rgb' on input line 1356.
Package xcolor Info: Model `RGB' extended on input line 1368.
Package xcolor Info: Model `HTML' substituted by `rgb' on input line 1370.
Package xcolor Info: Model `Hsb' substituted by `hsb' on input line 1371.
Package xcolor Info: Model `tHsb' substituted by `hsb' on input line 1372.
Package xcolor Info: Model `HSB' substituted by `hsb' on input line 1373.
Package xcolor Info: Model `Gray' substituted by `gray' on input line 1374.
Package xcolor Info: Model `wave' substituted by `hsb' on input line 1375.
) (/usr/share/texmf-dist/tex/latex/graphics/graphicx.sty
Package: graphicx 2021/09/16 v1.2d Enhanced LaTeX Graphics (DPC,SPQR)
 (/usr/share/texmf-dist/tex/latex/graphics/keyval.sty
Package: keyval 2014/10/28 v1.15 key=value parser (DPC)
\KV@toks@=\toks18
) (/usr/share/texmf-dist/tex/latex/graphics/graphics.sty
Package: graphics 2021/03/04 v1.4d Standard LaTeX Graphics (DPC,SPQR)
 (/usr/share/texmf-dist/tex/latex/graphics/trig.sty
Package: trig 2021/08/11 v1.11 sin cos tan (DPC)
) (/usr/share/texmf-dist/tex/latex/graphics-cfg/graphics.cfg
File: graphics.cfg 2016/06/04 v1.11 sample graphics configuration
)
Package graphics Info: Driver file: pdftex.def on input line 107.
)
\Gin@req@height=\dimen140
\Gin@req@width=\dimen141
) (/usr/share/texmf-dist/tex/latex/fancyhdr/fancyhdr.sty
Package: fancyhdr 2021/01/28 v4.0.1 Extensive control of page headers and footers
\f@nch@headwidth=\skip49
\f@nch@O@elh=\skip50
\f@nch@O@erh=\skip51
\f@nch@O@olh=\skip52
\f@nch@O@orh=\skip53
\f@nch@O@elf=\skip54
\f@nch@O@erf=\skip55
\f@nch@O@olf=\skip56
\f@nch@O@orf=\skip57
) (/usr/share/texmf-dist/tex/latex/enumitem/enumitem.sty
Package: enumitem 2019/06/20 v3.9 Customized lists
\labelindent=\skip58
\enit@outerparindent=\dimen142
\enit@toks=\toks19
\enit@inbox=\box52
\enit@count@id=\count196
\enitdp@description=\count197
) (/usr/share/texmf-dist/tex/latex/amsmath/amstext.sty
Package: amstext 2021/08/26 v2.01 AMS text
 (/usr/share/texmf-dist/tex/latex/amsmath/amsgen.sty
File: amsgen.sty 1999/11/30 v2.0 generic functions
\@emptytoks=\toks20
\ex@=\dimen143
)) (/usr/share/texmf-dist/tex/latex/amsmath/amsmath.sty
Package: amsmath 2021/10/15 v2.17l AMS math features
\@mathmargin=\skip59

For additional information on amsmath, use the `?' option.
(/usr/share/texmf-dist/tex/latex/amsmath/amsbsy.sty
Package: amsbsy 1999/11/29 v1.2d Bold Symbols
\pmbraise@=\dimen144
) (/usr/share/texmf-dist/tex/latex/amsmath/amsopn.sty
Package: amsopn 2021/08/26 v2.02 operator names
)
\inf@bad=\count198
LaTeX Info: Redefining \frac on input line 234.
\uproot@=\count199
\leftroot@=\count266
LaTeX Info: Redefining \overline on input line 399.
\classnum@=\count267
\DOTSCASE@=\count268
LaTeX Info: Redefining \ldots on input line 496.
LaTeX Info: Redefining \dots on input line 499.
LaTeX Info: Redefining \cdots on input line 620.
\Mathstrutbox@=\box53
\strutbox@=\box54
\big@size=\dimen145
LaTeX Font Info:    Redeclaring font encoding OML on input line 743.
LaTeX Font Info:    Redeclaring font encoding OMS on input line 744.
\macc@depth=\count269
\c@MaxMatrixCols=\count270
\dotsspace@=\muskip16
\c@parentequation=\count271
\dspbrk@lvl=\count272
\tag@help=\toks21
\row@=\count273
\column@=\count274
\maxfields@=\count275
\andhelp@=\toks22
\eqnshift@=\dimen146
\alignsep@=\dimen147
\tagshift@=\dimen148
\tagwidth@=\dimen149
\totwidth@=\dimen150
\lineht@=\dimen151
\@envbody=\toks23
\multlinegap=\skip60
\multlinetaggap=\skip61
\mathdisplay@stack=\toks24
LaTeX Info: Redefining \[ on input line 2938.
LaTeX Info: Redefining \] on input line 2939.
) (/usr/share/texmf-dist/tex/latex/amsfonts/amssymb.sty
Package: amssymb 2013/01/14 v3.01 AMS font symbols
 (/usr/share/texmf-dist/tex/latex/amsfonts/amsfonts.sty
Package: amsfonts 2013/01/14 v3.01 Basic AMSFonts support
\symAMSa=\mathgroup4
\symAMSb=\mathgroup5
LaTeX Font Info:    Redeclaring math symbol \hbar on input line 98.
LaTeX Font Info:    Overwriting math alphabet `\mathfrak' in version `bold'
(Font)                  U/euf/m/n --> U/euf/b/n on input line 106.
)) (/usr/share/texmf-dist/tex/latex/sectsty/sectsty.sty
Package: sectsty 2002/02/25 v2.0.2 Commands to change all sectional heading styles


LaTeX Warning: Command \underbar  has changed.
               Check if current package is valid.


LaTeX Warning: Command \underline  has changed.
               Check if current package is valid.

) (/usr/share/texmf-dist/tex/latex/l3backend/l3backend-pdftex.def
File: l3backend-pdftex.def 2022-04-14 L3 backend support: PDF output (pdfTeX)
\l__color_backend_stack_int=\count276
\l__pdf_internal_box=\box55
) (./manuscript.aux)
\openout1 = `manuscript.aux'.

LaTeX Font Info:    Checking defaults for OML/cmm/m/it on input line 26.
LaTeX Font Info:    ... okay on input line 26.
LaTeX Font Info:    Checking defaults for OMS/cmsy/m/n on input line 26.
LaTeX Font Info:    ... okay on input line 26.
LaTeX Font Info:    Checking defaults for OT1/cmr/m/n on input line 26.
LaTeX Font Info:    ... okay on input line 26.
LaTeX Font Info:    Checking defaults for T1/cmr/m/n on input line 26.
LaTeX Font Info:    ... okay on input line 26.
LaTeX Font Info:    Checking defaults for TS1/cmr/m/n on input line 26.
LaTeX Font Info:    ... okay on input line 26.
LaTeX Font Info:    Checking defaults for OMX/cmex/m/n on input line 26.
LaTeX Font Info:    ... okay on input line 26.
LaTeX Font Info:    Checking defaults for U/cmr/m/n on input line 26.
LaTeX Font Info:    ... okay on input line 26.
 (/usr/share/texmf-dist/tex/context/base/mkii/supp-pdf.mkii
[Loading MPS to PDF converter (version 2006.09.02).]
\scratchcounter=\count277
\scratchdimen=\dimen152
\scratchbox=\box56
\nofMPsegments=\count278
\nofMParguments=\count279
\everyMPshowfont=\toks25
\MPscratchCnt=\count280
\MPscratchDim=\dimen153
\MPnumerator=\count281
\makeMPintoPDFobject=\count282
\everyMPtoPDFconversion=\toks26
) (/usr/share/texmf-dist/tex/latex/epstopdf-pkg/epstopdf-base.sty
Package: epstopdf-base 2020-01-24 v2.11 Base part for package epstopdf
Package epstopdf-base Info: Redefining graphics rule for `.eps' on input line 485.
 (/usr/share/texmf-dist/tex/latex/latexconfig/epstopdf-sys.cfg
File: epstopdf-sys.cfg 2010/07/13 v1.3 Configuration of (r)epstopdf for TeX Live
)) (./front.tex
<figs/icon.png, id=1, 489.83pt x 732.7375pt>
File: figs/icon.png Graphic file (type png)
<use figs/icon.png>
Package pdftex.def Info: figs/icon.png  used on input line 5.
(pdftex.def)             Requested size: 48.98586pt x 73.27803pt.
)
LaTeX Font Info:    Trying to load font information for U+msa on input line 34.
 (/usr/share/texmf-dist/tex/latex/amsfonts/umsa.fd
File: umsa.fd 2013/01/14 v3.01 AMS symbols A
)
LaTeX Font Info:    Trying to load font information for U+msb on input line 34.
 (/usr/share/texmf-dist/tex/latex/amsfonts/umsb.fd
File: umsb.fd 2013/01/14 v3.01 AMS symbols B
) [1

{/var/lib/texmf/fonts/map/pdftex/updmap/pdftex.map} <./figs/icon.png>] [2]
Overfull \hbox (39.63782pt too wide) detected at line 130
[]
 []

[3] [4] [5] [6] [7]
Overfull \hbox (25.97183pt too wide) detected at line 401
[]
 []

[8] [9] [10] [11]
<figs/cancelamento_ruido.png, id=52, 504.88625pt x 211.79124pt>
File: figs/cancelamento_ruido.png Graphic file (type png)
<use figs/cancelamento_ruido.png>
Package pdftex.def Info: figs/cancelamento_ruido.png  used on input line 585.
(pdftex.def)             Requested size: 227.62204pt x 95.48291pt.
 [12 <./figs/cancelamento_ruido.png>]
Overfull \hbox (65.67296pt too wide) detected at line 668
[]
 []

[13] [14]
<figs/superficie-de-erro.png, id=65, 429.2838pt x 317.5062pt>
File: figs/superficie-de-erro.png Graphic file (type png)
<use figs/superficie-de-erro.png>
Package pdftex.def Info: figs/superficie-de-erro.png  used on input line 796.
(pdftex.def)             Requested size: 227.62204pt x 168.35014pt.
 [15] [16 <./figs/superficie-de-erro.png (PNG copy)>] [17] [18]
Underfull \hbox (badness 10000) in paragraph at lines 959--961
[]\OT1/cmr/m/n/10 onde po-de-mos uti-li-zar a pro-pri-e-dade $\U/msb/m/n/10 E\OMS/cmsy/m/n/10 f\OT1/cmr/m/n/10 ^^A\OT1/cmr/bx/n/10 w[]\OT1/cmr/m/n/10 (\OML/cmm/m/it/10 n\OT1/cmr/m/n/10 )\OT1/cmr/bx/n/10 x\OT1/cmr/m/n/10 (\OML/cmm/m/it/10 n\OT1/cmr/m/n/10 )\OT1/cmr/bx/n/10 x[]\OT1/cmr/m/n/10 (\OML/cmm/m/it/10 n\OT1/cmr/m/n/10 )^^A\OT1/cmr/bx/n/10 w\OT1/cmr/m/n/10 (\OML/cmm/m/it/10 n\OT1/cmr/m/n/10 )\OMS/cmsy/m/n/10 g \OT1/cmr/m/n/10 =
 []

[19]
Underfull \hbox (badness 1661) in paragraph at lines 990--992
[]\OT1/cmr/m/n/10 onde ^^Se sa-bido que $[] [] = \U/msb/m/n/10 E\OMS/cmsy/m/n/10 f\OT1/cmr/m/n/10 (\OT1/cmr/bx/n/10 w\OT1/cmr/m/n/10 (\OML/cmm/m/it/10 n\OT1/cmr/m/n/10 ) \OMS/cmsy/m/n/10 ^^@ \OT1/cmr/bx/n/10 w[]\OT1/cmr/m/n/10 )(\OT1/cmr/bx/n/10 w\OT1/cmr/m/n/10 (\OML/cmm/m/it/10 n\OT1/cmr/m/n/10 ) \OMS/cmsy/m/n/10 ^^@ \OT1/cmr/bx/n/10 w[]\OT1/cmr/m/n/10 )[]\OMS/cmsy/m/n/10 g$ \OT1/cmr/m/n/10 e $^^A\OT1/cmr/bx/n/10 w[]\OT1/cmr/m/n/10 (\OML/cmm/m/it/10 n\OT1/cmr/m/n/10 ) =
 []

[20]
Overfull \hbox (6.17432pt too wide) detected at line 1015
[]
 []

[21] [22]
<figs/plano_z.png, id=96, 245.718pt x 193.6836pt>
File: figs/plano_z.png Graphic file (type png)
<use figs/plano_z.png>
Package pdftex.def Info: figs/plano_z.png  used on input line 1139.
(pdftex.def)             Requested size: 227.62204pt x 179.42935pt.
 [23 <./figs/plano_z.png>] [24] [25] [26]
Overfull \hbox (2.37093pt too wide) detected at line 1340
[]
 []

<figs/Rxx.png, id=111, 1943.26pt x 513.92pt>
File: figs/Rxx.png Graphic file (type png)
<use figs/Rxx.png>
Package pdftex.def Info: figs/Rxx.png  used on input line 1353.
(pdftex.def)             Requested size: 455.24408pt x 120.3948pt.
[27 <./figs/Rxx.png>] [28]
<figs/equalizador_linear.png, id=119, 1183.42125pt x 477.785pt>
File: figs/equalizador_linear.png Graphic file (type png)
<use figs/equalizador_linear.png>
Package pdftex.def Info: figs/equalizador_linear.png  used on input line 1422.
(pdftex.def)             Requested size: 386.96024pt x 156.22603pt.
 [29 <./figs/equalizador_linear.png>] [30] [31]
<figs/newton_contour.png, id=131, 429.2838pt x 317.5062pt>
File: figs/newton_contour.png Graphic file (type png)
<use figs/newton_contour.png>
Package pdftex.def Info: figs/newton_contour.png  used on input line 1482.
(pdftex.def)             Requested size: 341.43306pt x 252.52763pt.
<figs/gradient_contour.png, id=132, 429.2838pt x 317.5062pt>
File: figs/gradient_contour.png Graphic file (type png)
<use figs/gradient_contour.png>
Package pdftex.def Info: figs/gradient_contour.png  used on input line 1489.
(pdftex.def)             Requested size: 341.43306pt x 252.52763pt.
<figs/lms_contour.png, id=133, 429.2838pt x 317.5062pt>
File: figs/lms_contour.png Graphic file (type png)
<use figs/lms_contour.png>
Package pdftex.def Info: figs/lms_contour.png  used on input line 1496.
(pdftex.def)             Requested size: 341.43306pt x 252.52763pt.
 [32 <./figs/newton_contour.png (PNG copy)> <./figs/gradient_contour.png (PNG copy)>]
<figs/nlms_contour.png, id=137, 562.2606pt x 421.575pt>
File: figs/nlms_contour.png Graphic file (type png)
<use figs/nlms_contour.png>
Package pdftex.def Info: figs/nlms_contour.png  used on input line 1503.
(pdftex.def)             Requested size: 341.43306pt x 256.00247pt.
<figs/newton_mse.png, id=138, 429.2838pt x 317.5062pt>
File: figs/newton_mse.png Graphic file (type png)
<use figs/newton_mse.png>
Package pdftex.def Info: figs/newton_mse.png  used on input line 1510.
(pdftex.def)             Requested size: 341.43306pt x 252.52763pt.
 [33 <./figs/lms_contour.png (PNG copy)> <./figs/nlms_contour.png (PNG copy)>]
<figs/gradient_mse.png, id=142, 429.2838pt x 317.5062pt>
File: figs/gradient_mse.png Graphic file (type png)
<use figs/gradient_mse.png>
Package pdftex.def Info: figs/gradient_mse.png  used on input line 1517.
(pdftex.def)             Requested size: 341.43306pt x 252.52763pt.
<figs/lms_mse.png, id=143, 429.2838pt x 317.5062pt>
File: figs/lms_mse.png Graphic file (type png)
<use figs/lms_mse.png>
Package pdftex.def Info: figs/lms_mse.png  used on input line 1524.
(pdftex.def)             Requested size: 341.43306pt x 252.52763pt.
 [34 <./figs/newton_mse.png (PNG copy)> <./figs/gradient_mse.png (PNG copy)>]
<figs/nlms_mse.png, id=147, 562.2606pt x 421.575pt>
File: figs/nlms_mse.png Graphic file (type png)
<use figs/nlms_mse.png>
Package pdftex.def Info: figs/nlms_mse.png  used on input line 1531.
(pdftex.def)             Requested size: 341.43306pt x 256.00247pt.
<figs/nlms_awgn.png, id=148, 562.2606pt x 421.575pt>
File: figs/nlms_awgn.png Graphic file (type png)
<use figs/nlms_awgn.png>
Package pdftex.def Info: figs/nlms_awgn.png  used on input line 1538.
(pdftex.def)             Requested size: 341.43306pt x 256.00247pt.
 [35 <./figs/lms_mse.png (PNG copy)> <./figs/nlms_mse.png (PNG copy)>]
<figs/L3Q5_mu_2.png, id=152, 562.2606pt x 421.575pt>
File: figs/L3Q5_mu_2.png Graphic file (type png)
<use figs/L3Q5_mu_2.png>
Package pdftex.def Info: figs/L3Q5_mu_2.png  used on input line 1545.
(pdftex.def)             Requested size: 341.43306pt x 256.00247pt.
<figs/L3Q5_mu_10.png, id=153, 562.2606pt x 421.575pt>
File: figs/L3Q5_mu_10.png Graphic file (type png)
<use figs/L3Q5_mu_10.png>
Package pdftex.def Info: figs/L3Q5_mu_10.png  used on input line 1552.
(pdftex.def)             Requested size: 341.43306pt x 256.00247pt.
 [36 <./figs/nlms_awgn.png (PNG copy)> <./figs/L3Q5_mu_2.png (PNG copy)>]
<figs/L3Q5_mu_50.png, id=157, 562.2606pt x 421.575pt>
File: figs/L3Q5_mu_50.png Graphic file (type png)
<use figs/L3Q5_mu_50.png>
Package pdftex.def Info: figs/L3Q5_mu_50.png  used on input line 1559.
(pdftex.def)             Requested size: 341.43306pt x 256.00247pt.
<figs/L3Q5_filter_response_2.png, id=158, 562.2606pt x 421.575pt>
File: figs/L3Q5_filter_response_2.png Graphic file (type png)
<use figs/L3Q5_filter_response_2.png>
Package pdftex.def Info: figs/L3Q5_filter_response_2.png  used on input line 1566.
(pdftex.def)             Requested size: 341.43306pt x 256.00247pt.
 [37 <./figs/L3Q5_mu_10.png (PNG copy)> <./figs/L3Q5_mu_50.png (PNG copy)>]
<figs/L3Q5_filter_response_10.png, id=163, 562.2606pt x 421.575pt>
File: figs/L3Q5_filter_response_10.png Graphic file (type png)
<use figs/L3Q5_filter_response_10.png>
Package pdftex.def Info: figs/L3Q5_filter_response_10.png  used on input line 1573.
(pdftex.def)             Requested size: 341.43306pt x 256.00247pt.
<figs/L3Q5_filter_response_50.png, id=164, 562.2606pt x 421.575pt>
File: figs/L3Q5_filter_response_50.png Graphic file (type png)
<use figs/L3Q5_filter_response_50.png>
Package pdftex.def Info: figs/L3Q5_filter_response_50.png  used on input line 1580.
(pdftex.def)             Requested size: 341.43306pt x 256.00247pt.
 [38 <./figs/L3Q5_filter_response_2.png (PNG copy)> <./figs/L3Q5_filter_response_10.png (PNG copy)>]
<figs/L3Q5_t.png, id=168, 562.2606pt x 421.575pt>
File: figs/L3Q5_t.png Graphic file (type png)
<use figs/L3Q5_t.png>
Package pdftex.def Info: figs/L3Q5_t.png  used on input line 1587.
(pdftex.def)             Requested size: 341.43306pt x 256.00247pt.
<figs/L3Q6_A_mse.png, id=169, 562.2606pt x 421.575pt>
File: figs/L3Q6_A_mse.png Graphic file (type png)
<use figs/L3Q6_A_mse.png>
Package pdftex.def Info: figs/L3Q6_A_mse.png  used on input line 1594.
(pdftex.def)             Requested size: 341.43306pt x 256.00247pt.
 [39 <./figs/L3Q5_filter_response_50.png (PNG copy)> <./figs/L3Q5_t.png (PNG copy)>]
<figs/L3Q6_A_c.png, id=173, 562.2606pt x 421.575pt>
File: figs/L3Q6_A_c.png Graphic file (type png)
<use figs/L3Q6_A_c.png>
Package pdftex.def Info: figs/L3Q6_A_c.png  used on input line 1601.
(pdftex.def)             Requested size: 341.43306pt x 256.00247pt.
<figs/L3Q6_A_t.png, id=174, 562.2606pt x 421.575pt>
File: figs/L3Q6_A_t.png Graphic file (type png)
<use figs/L3Q6_A_t.png>
Package pdftex.def Info: figs/L3Q6_A_t.png  used on input line 1608.
(pdftex.def)             Requested size: 341.43306pt x 256.00247pt.
 [40 <./figs/L3Q6_A_mse.png (PNG copy)> <./figs/L3Q6_A_c.png (PNG copy)>]
<figs/L3Q6_B_t.png, id=178, 562.2606pt x 421.575pt>
File: figs/L3Q6_B_t.png Graphic file (type png)
<use figs/L3Q6_B_t.png>
Package pdftex.def Info: figs/L3Q6_B_t.png  used on input line 1615.
(pdftex.def)             Requested size: 341.43306pt x 256.00247pt.
<figs/L3Q6_C_mse.png, id=179, 562.2606pt x 421.575pt>
File: figs/L3Q6_C_mse.png Graphic file (type png)
<use figs/L3Q6_C_mse.png>
Package pdftex.def Info: figs/L3Q6_C_mse.png  used on input line 1622.
(pdftex.def)             Requested size: 341.43306pt x 256.00247pt.
 [41 <./figs/L3Q6_A_t.png (PNG copy)> <./figs/L3Q6_B_t.png (PNG copy)>]
<figs/L3Q6_C_t.png, id=183, 562.2606pt x 421.575pt>
File: figs/L3Q6_C_t.png Graphic file (type png)
<use figs/L3Q6_C_t.png>
Package pdftex.def Info: figs/L3Q6_C_t.png  used on input line 1629.
(pdftex.def)             Requested size: 341.43306pt x 256.00247pt.
<figs/L3Q6_D_ser.png, id=184, 562.2606pt x 421.575pt>
File: figs/L3Q6_D_ser.png Graphic file (type png)
<use figs/L3Q6_D_ser.png>
Package pdftex.def Info: figs/L3Q6_D_ser.png  used on input line 1636.
(pdftex.def)             Requested size: 341.43306pt x 256.00247pt.
 [42 <./figs/L3Q6_C_mse.png (PNG copy)> <./figs/L3Q6_C_t.png (PNG copy)>] [43 <./figs/L3Q6_D_ser.png (PNG copy)>]
<figs/L4Q1.png, id=192, 429.2838pt x 317.5062pt>
File: figs/L4Q1.png Graphic file (type png)
<use figs/L4Q1.png>
Package pdftex.def Info: figs/L4Q1.png  used on input line 1675.
(pdftex.def)             Requested size: 295.90587pt x 218.85664pt.
 [44 <./figs/L4Q1.png (PNG copy)>]
<figs/L4Q2.png, id=197, 562.2606pt x 421.575pt>
File: figs/L4Q2.png Graphic file (type png)
<use figs/L4Q2.png>
Package pdftex.def Info: figs/L4Q2.png  used on input line 1718.
(pdftex.def)             Requested size: 295.90587pt x 221.86409pt.
 [45 <./figs/L4Q2.png (PNG copy)>] [46] [47] [48]
<figs/L4Q3_rls_mse_2_3_9.png, id=210, 429.2838pt x 317.5062pt>
File: figs/L4Q3_rls_mse_2_3_9.png Graphic file (type png)
<use figs/L4Q3_rls_mse_2_3_9.png>
Package pdftex.def Info: figs/L4Q3_rls_mse_2_3_9.png  used on input line 1871.
(pdftex.def)             Requested size: 375.57497pt x 277.77846pt.
<figs/L4Q3_rls_mse_3_3_9.png, id=211, 429.2838pt x 317.5062pt>
File: figs/L4Q3_rls_mse_3_3_9.png Graphic file (type png)
<use figs/L4Q3_rls_mse_3_3_9.png>
Package pdftex.def Info: figs/L4Q3_rls_mse_3_3_9.png  used on input line 1878.
(pdftex.def)             Requested size: 375.57497pt x 277.77846pt.
<figs/L4Q3_rls_mse_2_3_99.png, id=212, 429.2838pt x 317.5062pt>
File: figs/L4Q3_rls_mse_2_3_99.png Graphic file (type png)
<use figs/L4Q3_rls_mse_2_3_99.png>
Package pdftex.def Info: figs/L4Q3_rls_mse_2_3_99.png  used on input line 1885.
(pdftex.def)             Requested size: 375.57497pt x 277.77846pt.
 [49 <./figs/L4Q3_rls_mse_2_3_9.png (PNG copy)> <./figs/L4Q3_rls_mse_3_3_9.png (PNG copy)>]
<figs/L4Q3_rls_mse_3_3_99.png, id=217, 429.2838pt x 317.5062pt>
File: figs/L4Q3_rls_mse_3_3_99.png Graphic file (type png)
<use figs/L4Q3_rls_mse_3_3_99.png>
Package pdftex.def Info: figs/L4Q3_rls_mse_3_3_99.png  used on input line 1892.
(pdftex.def)             Requested size: 375.57497pt x 277.77846pt.
<figs/L4Q3_rls_mse_2_inf_9.png, id=218, 429.2838pt x 317.5062pt>
File: figs/L4Q3_rls_mse_2_inf_9.png Graphic file (type png)
<use figs/L4Q3_rls_mse_2_inf_9.png>
Package pdftex.def Info: figs/L4Q3_rls_mse_2_inf_9.png  used on input line 1899.
(pdftex.def)             Requested size: 375.57497pt x 277.77846pt.
 [50 <./figs/L4Q3_rls_mse_2_3_99.png (PNG copy)> <./figs/L4Q3_rls_mse_3_3_99.png (PNG copy)>]
<figs/L4Q3_rls_mse_3_inf_9.png, id=223, 429.2838pt x 317.5062pt>
File: figs/L4Q3_rls_mse_3_inf_9.png Graphic file (type png)
<use figs/L4Q3_rls_mse_3_inf_9.png>
Package pdftex.def Info: figs/L4Q3_rls_mse_3_inf_9.png  used on input line 1906.
(pdftex.def)             Requested size: 375.57497pt x 277.77846pt.
<figs/L4Q3_rls_mse_2_inf_99.png, id=224, 429.2838pt x 317.5062pt>
File: figs/L4Q3_rls_mse_2_inf_99.png Graphic file (type png)
<use figs/L4Q3_rls_mse_2_inf_99.png>
Package pdftex.def Info: figs/L4Q3_rls_mse_2_inf_99.png  used on input line 1913.
(pdftex.def)             Requested size: 375.57497pt x 277.77846pt.
 [51 <./figs/L4Q3_rls_mse_2_inf_9.png (PNG copy)> <./figs/L4Q3_rls_mse_3_inf_9.png (PNG copy)>]
<figs/L4Q3_rls_mse_3_inf_99.png, id=228, 429.2838pt x 317.5062pt>
File: figs/L4Q3_rls_mse_3_inf_99.png Graphic file (type png)
<use figs/L4Q3_rls_mse_3_inf_99.png>
Package pdftex.def Info: figs/L4Q3_rls_mse_3_inf_99.png  used on input line 1920.
(pdftex.def)             Requested size: 375.57497pt x 277.77846pt.
<figs/rls_coefficients.png, id=229, 429.2838pt x 317.5062pt>
File: figs/rls_coefficients.png Graphic file (type png)
<use figs/rls_coefficients.png>
Package pdftex.def Info: figs/rls_coefficients.png  used on input line 1927.
(pdftex.def)             Requested size: 341.43306pt x 252.52763pt.
 [52 <./figs/L4Q3_rls_mse_2_inf_99.png (PNG copy)> <./figs/L4Q3_rls_mse_3_inf_99.png (PNG copy)>]
<figs/rls_contour.png, id=233, 429.2838pt x 317.5062pt>
File: figs/rls_contour.png Graphic file (type png)
<use figs/rls_contour.png>
Package pdftex.def Info: figs/rls_contour.png  used on input line 1934.
(pdftex.def)             Requested size: 341.43306pt x 252.52763pt.
<figs/rls_mse.png, id=234, 429.2838pt x 317.5062pt>
File: figs/rls_mse.png Graphic file (type png)
<use figs/rls_mse.png>
Package pdftex.def Info: figs/rls_mse.png  used on input line 1941.
(pdftex.def)             Requested size: 341.43306pt x 252.52763pt.
 [53 <./figs/rls_coefficients.png (PNG copy)> <./figs/rls_contour.png (PNG copy)>]
<figs/L4Q5_lms.png, id=238, 562.2606pt x 421.575pt>
File: figs/L4Q5_lms.png Graphic file (type png)
<use figs/L4Q5_lms.png>
Package pdftex.def Info: figs/L4Q5_lms.png  used on input line 1948.
(pdftex.def)             Requested size: 341.43306pt x 256.00247pt.
<figs/L4Q5_rls_9.png, id=239, 562.2606pt x 421.575pt>
File: figs/L4Q5_rls_9.png Graphic file (type png)
<use figs/L4Q5_rls_9.png>
Package pdftex.def Info: figs/L4Q5_rls_9.png  used on input line 1955.
(pdftex.def)             Requested size: 341.43306pt x 256.00247pt.
 [54 <./figs/rls_mse.png (PNG copy)> <./figs/L4Q5_lms.png (PNG copy)>]
<figs/L4Q5_rls_99.png, id=243, 562.2606pt x 421.575pt>
File: figs/L4Q5_rls_99.png Graphic file (type png)
<use figs/L4Q5_rls_99.png>
Package pdftex.def Info: figs/L4Q5_rls_99.png  used on input line 1962.
(pdftex.def)             Requested size: 341.43306pt x 256.00247pt.
<figs/L4Q5_rls_999.png, id=244, 562.2606pt x 421.575pt>
File: figs/L4Q5_rls_999.png Graphic file (type png)
<use figs/L4Q5_rls_999.png>
Package pdftex.def Info: figs/L4Q5_rls_999.png  used on input line 1969.
(pdftex.def)             Requested size: 341.43306pt x 256.00247pt.
 [55 <./figs/L4Q5_rls_9.png (PNG copy)> <./figs/L4Q5_rls_99.png (PNG copy)>]
<figs/L4Q5_rls_t.png, id=249, 562.2606pt x 421.575pt>
File: figs/L4Q5_rls_t.png Graphic file (type png)
<use figs/L4Q5_rls_t.png>
Package pdftex.def Info: figs/L4Q5_rls_t.png  used on input line 1976.
(pdftex.def)             Requested size: 341.43306pt x 256.00247pt.
<figs/L4Q5_filter_response.png, id=250, 562.2606pt x 421.575pt>
File: figs/L4Q5_filter_response.png Graphic file (type png)
<use figs/L4Q5_filter_response.png>
Package pdftex.def Info: figs/L4Q5_filter_response.png  used on input line 1983.
(pdftex.def)             Requested size: 341.43306pt x 256.00247pt.
 [56 <./figs/L4Q5_rls_999.png (PNG copy)> <./figs/L4Q5_rls_t.png (PNG copy)>] [57 <./figs/L4Q5_filter_response.png (PNG copy)>] (./manuscript.aux) ) 
Here is how much of TeX's memory you used:
 5195 strings out of 478238
 81499 string characters out of 5850456
 401851 words of memory out of 5000000
 23330 multiletter control sequences out of 15000+600000
 478999 words of font info for 64 fonts, out of 8000000 for 9000
 1141 hyphenation exceptions out of 8191
 55i,19n,62p,967b,519s stack positions out of 5000i,500n,10000p,200000b,80000s
</usr/share/texmf-dist/fonts/type1/public/amsfonts/cm/cmbx10.pfb></usr/share/texmf-dist/fonts/type1/public/amsfonts/cm/cmbx12.pfb></usr/share/texmf-dist/fonts/type1/public/amsfonts/cm/cmbx5.pfb></usr/share/texmf-dist/fonts/type1/public/amsfonts/cm/cmbx7.pfb></usr/share/texmf-dist/fonts/type1/public/amsfonts/cm/cmex10.pfb></usr/share/texmf-dist/fonts/type1/public/amsfonts/cm/cmmi10.pfb></usr/share/texmf-dist/fonts/type1/public/amsfonts/cm/cmmi5.pfb></usr/share/texmf-dist/fonts/type1/public/amsfonts/cm/cmmi7.pfb></usr/share/texmf-dist/fonts/type1/public/amsfonts/cm/cmmib10.pfb></usr/share/texmf-dist/fonts/type1/public/amsfonts/cm/cmr10.pfb></usr/share/texmf-dist/fonts/type1/public/amsfonts/cm/cmr17.pfb></usr/share/texmf-dist/fonts/type1/public/amsfonts/cm/cmr5.pfb></usr/share/texmf-dist/fonts/type1/public/amsfonts/cm/cmr6.pfb></usr/share/texmf-dist/fonts/type1/public/amsfonts/cm/cmr7.pfb></usr/share/texmf-dist/fonts/type1/public/amsfonts/cm/cmr8.pfb></usr/share/texmf-dist/fonts/type1/public/amsfonts/cm/cmsy10.pfb></usr/share/texmf-dist/fonts/type1/public/amsfonts/cm/cmsy7.pfb></usr/share/texmf-dist/fonts/type1/public/amsfonts/cm/cmti8.pfb></usr/share/texmf-dist/fonts/type1/public/amsfonts/symbols/msbm10.pfb>
Output written on manuscript.pdf (57 pages, 3524183 bytes).
PDF statistics:
 338 PDF objects out of 1000 (max. 8388607)
 186 compressed objects within 2 object streams
 0 named destinations out of 1000 (max. 500000)
 241 words of extra memory for PDF output out of 10000 (max. 10000000)

